{
  "stats": {
    "suites": 4,
    "tests": 18,
    "passes": 18,
    "pending": 0,
    "failures": 0,
    "start": "2020-03-28T09:15:02.521Z",
    "end": "2020-03-28T09:16:03.907Z",
    "duration": 61386,
    "testsRegistered": 18,
    "passPercent": 100,
    "pendingPercent": 0,
    "other": 0,
    "hasOther": false,
    "skipped": 0,
    "hasSkipped": false
  },
  "results": [
    {
      "uuid": "77c4b9dd-1384-4805-9138-a9460e3ead94",
      "title": "",
      "fullFile": "cypress/integration/dashboardLinks.js",
      "file": "cypress/integration/dashboardLinks.js",
      "beforeHooks": [],
      "afterHooks": [],
      "tests": [],
      "suites": [
        {
          "uuid": "efa37c88-14a9-43e2-b7c5-ad8616325379",
          "title": "Dashboard Page Navigation Verification",
          "fullFile": "",
          "file": "",
          "beforeHooks": [],
          "afterHooks": [],
          "tests": [],
          "suites": [
            {
              "uuid": "9f3ce74c-d92a-4255-937d-3eec3a5b1fcb",
              "title": "Viewport: 375 x 667",
              "fullFile": "",
              "file": "",
              "beforeHooks": [],
              "afterHooks": [],
              "tests": [
                {
                  "title": "Banking - CommBank",
                  "fullTitle": "Dashboard Page Navigation Verification Viewport: 375 x 667 Banking - CommBank",
                  "timedOut": null,
                  "duration": 3945,
                  "state": "passed",
                  "speed": "slow",
                  "pass": true,
                  "fail": false,
                  "pending": false,
                  "context": null,
                  "code": "cy.viewport(size.width, size.height);\nif (size.width < 979) {\n  cy.get(_selectors.dashboardSelectors.mobileMenu).click();\n  cy.get(\"\".concat(_selectors.dashboardSelectors.mobileViewDiv, \" \").concat(testItem.navButton)).click();\n} else cy.get(\"\".concat(_selectors.dashboardSelectors.desktopViewDiv, \" \").concat(testItem.navButton)).click();\ncy.title().should('eq', testItem.title);\ncy.url().should('include', testItem.href);\ncy.get(_selectors.dashboardSelectors.bannerContentH1).should('be.visible').should('contain', testItem.h1);",
                  "err": {},
                  "uuid": "7686d1ec-d37e-4914-b4bb-82f2882523b7",
                  "parentUUID": "9f3ce74c-d92a-4255-937d-3eec3a5b1fcb",
                  "isHook": false,
                  "skipped": false
                },
                {
                  "title": "Home loans, tips, tools, property search & more - CommBank",
                  "fullTitle": "Dashboard Page Navigation Verification Viewport: 375 x 667 Home loans, tips, tools, property search & more - CommBank",
                  "timedOut": null,
                  "duration": 5236,
                  "state": "passed",
                  "speed": "slow",
                  "pass": true,
                  "fail": false,
                  "pending": false,
                  "context": null,
                  "code": "cy.viewport(size.width, size.height);\nif (size.width < 979) {\n  cy.get(_selectors.dashboardSelectors.mobileMenu).click();\n  cy.get(\"\".concat(_selectors.dashboardSelectors.mobileViewDiv, \" \").concat(testItem.navButton)).click();\n} else cy.get(\"\".concat(_selectors.dashboardSelectors.desktopViewDiv, \" \").concat(testItem.navButton)).click();\ncy.title().should('eq', testItem.title);\ncy.url().should('include', testItem.href);\ncy.get(_selectors.dashboardSelectors.bannerContentH1).should('be.visible').should('contain', testItem.h1);",
                  "err": {},
                  "uuid": "6f098242-ab69-4893-8665-f812a5e55795",
                  "parentUUID": "9f3ce74c-d92a-4255-937d-3eec3a5b1fcb",
                  "isHook": false,
                  "skipped": false
                },
                {
                  "title": "Insurance - CommBank",
                  "fullTitle": "Dashboard Page Navigation Verification Viewport: 375 x 667 Insurance - CommBank",
                  "timedOut": null,
                  "duration": 3212,
                  "state": "passed",
                  "speed": "slow",
                  "pass": true,
                  "fail": false,
                  "pending": false,
                  "context": null,
                  "code": "cy.viewport(size.width, size.height);\nif (size.width < 979) {\n  cy.get(_selectors.dashboardSelectors.mobileMenu).click();\n  cy.get(\"\".concat(_selectors.dashboardSelectors.mobileViewDiv, \" \").concat(testItem.navButton)).click();\n} else cy.get(\"\".concat(_selectors.dashboardSelectors.desktopViewDiv, \" \").concat(testItem.navButton)).click();\ncy.title().should('eq', testItem.title);\ncy.url().should('include', testItem.href);\ncy.get(_selectors.dashboardSelectors.bannerContentH1).should('be.visible').should('contain', testItem.h1);",
                  "err": {},
                  "uuid": "2791e1a8-143d-497b-b4d1-c1effa3fbd48",
                  "parentUUID": "9f3ce74c-d92a-4255-937d-3eec3a5b1fcb",
                  "isHook": false,
                  "skipped": false
                },
                {
                  "title": "Investing & Super - CommBank",
                  "fullTitle": "Dashboard Page Navigation Verification Viewport: 375 x 667 Investing & Super - CommBank",
                  "timedOut": null,
                  "duration": 11821,
                  "state": "passed",
                  "speed": "slow",
                  "pass": true,
                  "fail": false,
                  "pending": false,
                  "context": null,
                  "code": "cy.viewport(size.width, size.height);\nif (size.width < 979) {\n  cy.get(_selectors.dashboardSelectors.mobileMenu).click();\n  cy.get(\"\".concat(_selectors.dashboardSelectors.mobileViewDiv, \" \").concat(testItem.navButton)).click();\n} else cy.get(\"\".concat(_selectors.dashboardSelectors.desktopViewDiv, \" \").concat(testItem.navButton)).click();\ncy.title().should('eq', testItem.title);\ncy.url().should('include', testItem.href);\ncy.get(_selectors.dashboardSelectors.bannerContentH1).should('be.visible').should('contain', testItem.h1);",
                  "err": {},
                  "uuid": "c8be4512-b11e-44df-921a-a72882761e1c",
                  "parentUUID": "9f3ce74c-d92a-4255-937d-3eec3a5b1fcb",
                  "isHook": false,
                  "skipped": false
                },
                {
                  "title": "Business - CommBank",
                  "fullTitle": "Dashboard Page Navigation Verification Viewport: 375 x 667 Business - CommBank",
                  "timedOut": null,
                  "duration": 3261,
                  "state": "passed",
                  "speed": "slow",
                  "pass": true,
                  "fail": false,
                  "pending": false,
                  "context": null,
                  "code": "cy.viewport(size.width, size.height);\nif (size.width < 979) {\n  cy.get(_selectors.dashboardSelectors.mobileMenu).click();\n  cy.get(\"\".concat(_selectors.dashboardSelectors.mobileViewDiv, \" \").concat(testItem.navButton)).click();\n} else cy.get(\"\".concat(_selectors.dashboardSelectors.desktopViewDiv, \" \").concat(testItem.navButton)).click();\ncy.title().should('eq', testItem.title);\ncy.url().should('include', testItem.href);\ncy.get(_selectors.dashboardSelectors.bannerContentH1).should('be.visible').should('contain', testItem.h1);",
                  "err": {},
                  "uuid": "364df0d8-f476-44f4-9fdd-96b1dc65b8c6",
                  "parentUUID": "9f3ce74c-d92a-4255-937d-3eec3a5b1fcb",
                  "isHook": false,
                  "skipped": false
                },
                {
                  "title": "Institutional - CommBank",
                  "fullTitle": "Dashboard Page Navigation Verification Viewport: 375 x 667 Institutional - CommBank",
                  "timedOut": null,
                  "duration": 2148,
                  "state": "passed",
                  "speed": "slow",
                  "pass": true,
                  "fail": false,
                  "pending": false,
                  "context": null,
                  "code": "cy.viewport(size.width, size.height);\nif (size.width < 979) {\n  cy.get(_selectors.dashboardSelectors.mobileMenu).click();\n  cy.get(\"\".concat(_selectors.dashboardSelectors.mobileViewDiv, \" \").concat(testItem.navButton)).click();\n} else cy.get(\"\".concat(_selectors.dashboardSelectors.desktopViewDiv, \" \").concat(testItem.navButton)).click();\ncy.title().should('eq', testItem.title);\ncy.url().should('include', testItem.href);\ncy.get(_selectors.dashboardSelectors.bannerContentH1).should('be.visible').should('contain', testItem.h1);",
                  "err": {},
                  "uuid": "d25fe4f6-098d-4b6e-b653-8fef3f26f978",
                  "parentUUID": "9f3ce74c-d92a-4255-937d-3eec3a5b1fcb",
                  "isHook": false,
                  "skipped": false
                }
              ],
              "suites": [],
              "passes": [
                "7686d1ec-d37e-4914-b4bb-82f2882523b7",
                "6f098242-ab69-4893-8665-f812a5e55795",
                "2791e1a8-143d-497b-b4d1-c1effa3fbd48",
                "c8be4512-b11e-44df-921a-a72882761e1c",
                "364df0d8-f476-44f4-9fdd-96b1dc65b8c6",
                "d25fe4f6-098d-4b6e-b653-8fef3f26f978"
              ],
              "failures": [],
              "pending": [],
              "skipped": [],
              "duration": 29623,
              "root": false,
              "rootEmpty": false,
              "_timeout": 2000
            },
            {
              "uuid": "17bb0000-1e08-4f4b-9d14-37d5b68c3ebc",
              "title": "Viewport: 768 x 1024",
              "fullFile": "",
              "file": "",
              "beforeHooks": [],
              "afterHooks": [],
              "tests": [
                {
                  "title": "Banking - CommBank",
                  "fullTitle": "Dashboard Page Navigation Verification Viewport: 768 x 1024 Banking - CommBank",
                  "timedOut": null,
                  "duration": 2118,
                  "state": "passed",
                  "speed": "slow",
                  "pass": true,
                  "fail": false,
                  "pending": false,
                  "context": null,
                  "code": "cy.viewport(size.width, size.height);\nif (size.width < 979) {\n  cy.get(_selectors.dashboardSelectors.mobileMenu).click();\n  cy.get(\"\".concat(_selectors.dashboardSelectors.mobileViewDiv, \" \").concat(testItem.navButton)).click();\n} else cy.get(\"\".concat(_selectors.dashboardSelectors.desktopViewDiv, \" \").concat(testItem.navButton)).click();\ncy.title().should('eq', testItem.title);\ncy.url().should('include', testItem.href);\ncy.get(_selectors.dashboardSelectors.bannerContentH1).should('be.visible').should('contain', testItem.h1);",
                  "err": {},
                  "uuid": "a4d6c836-d3f7-4778-897f-fcbe02ca708b",
                  "parentUUID": "17bb0000-1e08-4f4b-9d14-37d5b68c3ebc",
                  "isHook": false,
                  "skipped": false
                },
                {
                  "title": "Home loans, tips, tools, property search & more - CommBank",
                  "fullTitle": "Dashboard Page Navigation Verification Viewport: 768 x 1024 Home loans, tips, tools, property search & more - CommBank",
                  "timedOut": null,
                  "duration": 2898,
                  "state": "passed",
                  "speed": "slow",
                  "pass": true,
                  "fail": false,
                  "pending": false,
                  "context": null,
                  "code": "cy.viewport(size.width, size.height);\nif (size.width < 979) {\n  cy.get(_selectors.dashboardSelectors.mobileMenu).click();\n  cy.get(\"\".concat(_selectors.dashboardSelectors.mobileViewDiv, \" \").concat(testItem.navButton)).click();\n} else cy.get(\"\".concat(_selectors.dashboardSelectors.desktopViewDiv, \" \").concat(testItem.navButton)).click();\ncy.title().should('eq', testItem.title);\ncy.url().should('include', testItem.href);\ncy.get(_selectors.dashboardSelectors.bannerContentH1).should('be.visible').should('contain', testItem.h1);",
                  "err": {},
                  "uuid": "4978669a-978e-4420-a84d-2148ff655ef6",
                  "parentUUID": "17bb0000-1e08-4f4b-9d14-37d5b68c3ebc",
                  "isHook": false,
                  "skipped": false
                },
                {
                  "title": "Insurance - CommBank",
                  "fullTitle": "Dashboard Page Navigation Verification Viewport: 768 x 1024 Insurance - CommBank",
                  "timedOut": null,
                  "duration": 2930,
                  "state": "passed",
                  "speed": "slow",
                  "pass": true,
                  "fail": false,
                  "pending": false,
                  "context": null,
                  "code": "cy.viewport(size.width, size.height);\nif (size.width < 979) {\n  cy.get(_selectors.dashboardSelectors.mobileMenu).click();\n  cy.get(\"\".concat(_selectors.dashboardSelectors.mobileViewDiv, \" \").concat(testItem.navButton)).click();\n} else cy.get(\"\".concat(_selectors.dashboardSelectors.desktopViewDiv, \" \").concat(testItem.navButton)).click();\ncy.title().should('eq', testItem.title);\ncy.url().should('include', testItem.href);\ncy.get(_selectors.dashboardSelectors.bannerContentH1).should('be.visible').should('contain', testItem.h1);",
                  "err": {},
                  "uuid": "e5dbe94c-1b88-4000-a9d0-d62845a281d5",
                  "parentUUID": "17bb0000-1e08-4f4b-9d14-37d5b68c3ebc",
                  "isHook": false,
                  "skipped": false
                },
                {
                  "title": "Investing & Super - CommBank",
                  "fullTitle": "Dashboard Page Navigation Verification Viewport: 768 x 1024 Investing & Super - CommBank",
                  "timedOut": null,
                  "duration": 3084,
                  "state": "passed",
                  "speed": "slow",
                  "pass": true,
                  "fail": false,
                  "pending": false,
                  "context": null,
                  "code": "cy.viewport(size.width, size.height);\nif (size.width < 979) {\n  cy.get(_selectors.dashboardSelectors.mobileMenu).click();\n  cy.get(\"\".concat(_selectors.dashboardSelectors.mobileViewDiv, \" \").concat(testItem.navButton)).click();\n} else cy.get(\"\".concat(_selectors.dashboardSelectors.desktopViewDiv, \" \").concat(testItem.navButton)).click();\ncy.title().should('eq', testItem.title);\ncy.url().should('include', testItem.href);\ncy.get(_selectors.dashboardSelectors.bannerContentH1).should('be.visible').should('contain', testItem.h1);",
                  "err": {},
                  "uuid": "99f47f5c-b324-462a-ba74-8920c4aae14a",
                  "parentUUID": "17bb0000-1e08-4f4b-9d14-37d5b68c3ebc",
                  "isHook": false,
                  "skipped": false
                },
                {
                  "title": "Business - CommBank",
                  "fullTitle": "Dashboard Page Navigation Verification Viewport: 768 x 1024 Business - CommBank",
                  "timedOut": null,
                  "duration": 2604,
                  "state": "passed",
                  "speed": "slow",
                  "pass": true,
                  "fail": false,
                  "pending": false,
                  "context": null,
                  "code": "cy.viewport(size.width, size.height);\nif (size.width < 979) {\n  cy.get(_selectors.dashboardSelectors.mobileMenu).click();\n  cy.get(\"\".concat(_selectors.dashboardSelectors.mobileViewDiv, \" \").concat(testItem.navButton)).click();\n} else cy.get(\"\".concat(_selectors.dashboardSelectors.desktopViewDiv, \" \").concat(testItem.navButton)).click();\ncy.title().should('eq', testItem.title);\ncy.url().should('include', testItem.href);\ncy.get(_selectors.dashboardSelectors.bannerContentH1).should('be.visible').should('contain', testItem.h1);",
                  "err": {},
                  "uuid": "dfdb52c0-c111-407b-8ad3-db22029d0556",
                  "parentUUID": "17bb0000-1e08-4f4b-9d14-37d5b68c3ebc",
                  "isHook": false,
                  "skipped": false
                },
                {
                  "title": "Institutional - CommBank",
                  "fullTitle": "Dashboard Page Navigation Verification Viewport: 768 x 1024 Institutional - CommBank",
                  "timedOut": null,
                  "duration": 2275,
                  "state": "passed",
                  "speed": "slow",
                  "pass": true,
                  "fail": false,
                  "pending": false,
                  "context": null,
                  "code": "cy.viewport(size.width, size.height);\nif (size.width < 979) {\n  cy.get(_selectors.dashboardSelectors.mobileMenu).click();\n  cy.get(\"\".concat(_selectors.dashboardSelectors.mobileViewDiv, \" \").concat(testItem.navButton)).click();\n} else cy.get(\"\".concat(_selectors.dashboardSelectors.desktopViewDiv, \" \").concat(testItem.navButton)).click();\ncy.title().should('eq', testItem.title);\ncy.url().should('include', testItem.href);\ncy.get(_selectors.dashboardSelectors.bannerContentH1).should('be.visible').should('contain', testItem.h1);",
                  "err": {},
                  "uuid": "0a83a31b-1457-4b10-a8f1-86d21becc06f",
                  "parentUUID": "17bb0000-1e08-4f4b-9d14-37d5b68c3ebc",
                  "isHook": false,
                  "skipped": false
                }
              ],
              "suites": [],
              "passes": [
                "a4d6c836-d3f7-4778-897f-fcbe02ca708b",
                "4978669a-978e-4420-a84d-2148ff655ef6",
                "e5dbe94c-1b88-4000-a9d0-d62845a281d5",
                "99f47f5c-b324-462a-ba74-8920c4aae14a",
                "dfdb52c0-c111-407b-8ad3-db22029d0556",
                "0a83a31b-1457-4b10-a8f1-86d21becc06f"
              ],
              "failures": [],
              "pending": [],
              "skipped": [],
              "duration": 15909,
              "root": false,
              "rootEmpty": false,
              "_timeout": 2000
            },
            {
              "uuid": "37d3aea7-84f2-4721-8b76-29744683b773",
              "title": "Viewport: 1024 x 768",
              "fullFile": "",
              "file": "",
              "beforeHooks": [],
              "afterHooks": [],
              "tests": [
                {
                  "title": "Banking - CommBank",
                  "fullTitle": "Dashboard Page Navigation Verification Viewport: 1024 x 768 Banking - CommBank",
                  "timedOut": null,
                  "duration": 1787,
                  "state": "passed",
                  "speed": "slow",
                  "pass": true,
                  "fail": false,
                  "pending": false,
                  "context": null,
                  "code": "cy.viewport(size.width, size.height);\nif (size.width < 979) {\n  cy.get(_selectors.dashboardSelectors.mobileMenu).click();\n  cy.get(\"\".concat(_selectors.dashboardSelectors.mobileViewDiv, \" \").concat(testItem.navButton)).click();\n} else cy.get(\"\".concat(_selectors.dashboardSelectors.desktopViewDiv, \" \").concat(testItem.navButton)).click();\ncy.title().should('eq', testItem.title);\ncy.url().should('include', testItem.href);\ncy.get(_selectors.dashboardSelectors.bannerContentH1).should('be.visible').should('contain', testItem.h1);",
                  "err": {},
                  "uuid": "f5b3b853-27f2-4699-a886-d6902c9324a3",
                  "parentUUID": "37d3aea7-84f2-4721-8b76-29744683b773",
                  "isHook": false,
                  "skipped": false
                },
                {
                  "title": "Home loans, tips, tools, property search & more - CommBank",
                  "fullTitle": "Dashboard Page Navigation Verification Viewport: 1024 x 768 Home loans, tips, tools, property search & more - CommBank",
                  "timedOut": null,
                  "duration": 2987,
                  "state": "passed",
                  "speed": "slow",
                  "pass": true,
                  "fail": false,
                  "pending": false,
                  "context": null,
                  "code": "cy.viewport(size.width, size.height);\nif (size.width < 979) {\n  cy.get(_selectors.dashboardSelectors.mobileMenu).click();\n  cy.get(\"\".concat(_selectors.dashboardSelectors.mobileViewDiv, \" \").concat(testItem.navButton)).click();\n} else cy.get(\"\".concat(_selectors.dashboardSelectors.desktopViewDiv, \" \").concat(testItem.navButton)).click();\ncy.title().should('eq', testItem.title);\ncy.url().should('include', testItem.href);\ncy.get(_selectors.dashboardSelectors.bannerContentH1).should('be.visible').should('contain', testItem.h1);",
                  "err": {},
                  "uuid": "50d3d6fd-eda5-40e1-b728-066f237df242",
                  "parentUUID": "37d3aea7-84f2-4721-8b76-29744683b773",
                  "isHook": false,
                  "skipped": false
                },
                {
                  "title": "Insurance - CommBank",
                  "fullTitle": "Dashboard Page Navigation Verification Viewport: 1024 x 768 Insurance - CommBank",
                  "timedOut": null,
                  "duration": 3010,
                  "state": "passed",
                  "speed": "slow",
                  "pass": true,
                  "fail": false,
                  "pending": false,
                  "context": null,
                  "code": "cy.viewport(size.width, size.height);\nif (size.width < 979) {\n  cy.get(_selectors.dashboardSelectors.mobileMenu).click();\n  cy.get(\"\".concat(_selectors.dashboardSelectors.mobileViewDiv, \" \").concat(testItem.navButton)).click();\n} else cy.get(\"\".concat(_selectors.dashboardSelectors.desktopViewDiv, \" \").concat(testItem.navButton)).click();\ncy.title().should('eq', testItem.title);\ncy.url().should('include', testItem.href);\ncy.get(_selectors.dashboardSelectors.bannerContentH1).should('be.visible').should('contain', testItem.h1);",
                  "err": {},
                  "uuid": "91a12e9e-5d78-4041-b8ea-b9a570db1e5b",
                  "parentUUID": "37d3aea7-84f2-4721-8b76-29744683b773",
                  "isHook": false,
                  "skipped": false
                },
                {
                  "title": "Investing & Super - CommBank",
                  "fullTitle": "Dashboard Page Navigation Verification Viewport: 1024 x 768 Investing & Super - CommBank",
                  "timedOut": null,
                  "duration": 2983,
                  "state": "passed",
                  "speed": "slow",
                  "pass": true,
                  "fail": false,
                  "pending": false,
                  "context": null,
                  "code": "cy.viewport(size.width, size.height);\nif (size.width < 979) {\n  cy.get(_selectors.dashboardSelectors.mobileMenu).click();\n  cy.get(\"\".concat(_selectors.dashboardSelectors.mobileViewDiv, \" \").concat(testItem.navButton)).click();\n} else cy.get(\"\".concat(_selectors.dashboardSelectors.desktopViewDiv, \" \").concat(testItem.navButton)).click();\ncy.title().should('eq', testItem.title);\ncy.url().should('include', testItem.href);\ncy.get(_selectors.dashboardSelectors.bannerContentH1).should('be.visible').should('contain', testItem.h1);",
                  "err": {},
                  "uuid": "a46f6d1a-b894-40ce-aaa0-6bb03f7070fe",
                  "parentUUID": "37d3aea7-84f2-4721-8b76-29744683b773",
                  "isHook": false,
                  "skipped": false
                },
                {
                  "title": "Business - CommBank",
                  "fullTitle": "Dashboard Page Navigation Verification Viewport: 1024 x 768 Business - CommBank",
                  "timedOut": null,
                  "duration": 2236,
                  "state": "passed",
                  "speed": "slow",
                  "pass": true,
                  "fail": false,
                  "pending": false,
                  "context": null,
                  "code": "cy.viewport(size.width, size.height);\nif (size.width < 979) {\n  cy.get(_selectors.dashboardSelectors.mobileMenu).click();\n  cy.get(\"\".concat(_selectors.dashboardSelectors.mobileViewDiv, \" \").concat(testItem.navButton)).click();\n} else cy.get(\"\".concat(_selectors.dashboardSelectors.desktopViewDiv, \" \").concat(testItem.navButton)).click();\ncy.title().should('eq', testItem.title);\ncy.url().should('include', testItem.href);\ncy.get(_selectors.dashboardSelectors.bannerContentH1).should('be.visible').should('contain', testItem.h1);",
                  "err": {},
                  "uuid": "842bf149-fb65-40c2-8781-c7296941cfee",
                  "parentUUID": "37d3aea7-84f2-4721-8b76-29744683b773",
                  "isHook": false,
                  "skipped": false
                },
                {
                  "title": "Institutional - CommBank",
                  "fullTitle": "Dashboard Page Navigation Verification Viewport: 1024 x 768 Institutional - CommBank",
                  "timedOut": null,
                  "duration": 2124,
                  "state": "passed",
                  "speed": "slow",
                  "pass": true,
                  "fail": false,
                  "pending": false,
                  "context": null,
                  "code": "cy.viewport(size.width, size.height);\nif (size.width < 979) {\n  cy.get(_selectors.dashboardSelectors.mobileMenu).click();\n  cy.get(\"\".concat(_selectors.dashboardSelectors.mobileViewDiv, \" \").concat(testItem.navButton)).click();\n} else cy.get(\"\".concat(_selectors.dashboardSelectors.desktopViewDiv, \" \").concat(testItem.navButton)).click();\ncy.title().should('eq', testItem.title);\ncy.url().should('include', testItem.href);\ncy.get(_selectors.dashboardSelectors.bannerContentH1).should('be.visible').should('contain', testItem.h1);",
                  "err": {},
                  "uuid": "1b0bd04f-c71c-4745-a27b-d2ef33ea01d8",
                  "parentUUID": "37d3aea7-84f2-4721-8b76-29744683b773",
                  "isHook": false,
                  "skipped": false
                }
              ],
              "suites": [],
              "passes": [
                "f5b3b853-27f2-4699-a886-d6902c9324a3",
                "50d3d6fd-eda5-40e1-b728-066f237df242",
                "91a12e9e-5d78-4041-b8ea-b9a570db1e5b",
                "a46f6d1a-b894-40ce-aaa0-6bb03f7070fe",
                "842bf149-fb65-40c2-8781-c7296941cfee",
                "1b0bd04f-c71c-4745-a27b-d2ef33ea01d8"
              ],
              "failures": [],
              "pending": [],
              "skipped": [],
              "duration": 15127,
              "root": false,
              "rootEmpty": false,
              "_timeout": 2000
            }
          ],
          "passes": [],
          "failures": [],
          "pending": [],
          "skipped": [],
          "duration": 0,
          "root": false,
          "rootEmpty": false,
          "_timeout": 2000
        }
      ],
      "passes": [],
      "failures": [],
      "pending": [],
      "skipped": [],
      "duration": 0,
      "root": true,
      "rootEmpty": true,
      "_timeout": 2000
    }
  ],
  "meta": {
    "mocha": {
      "version": "7.1.1"
    },
    "mochawesome": {
      "options": {
        "quiet": false,
        "reportFilename": "mochawesome",
        "saveHtml": true,
        "saveJson": true,
        "consoleReporter": "spec",
        "useInlineDiffs": false,
        "code": true
      },
      "version": "5.0.0"
    },
    "marge": {
      "options": {
        "mochaFile": "mochawesome-result.xml",
        "overwrite": true,
        "toConsole": true,
        "saveJson": true,
        "html": true,
        "autoOpen": true
      },
      "version": "4.1.0"
    }
  }
}